Using pre-set license
Built from '2020.3/staging' branch; Version is '2020.3.19f1 (68f137dc9bbe) revision 6877495'; Using compiler version '192528614'; Build Type 'Release'
OS: 'Windows 10 Home; OS build 22621.1413; Version 2009; 64bit' Language: 'zh' Physical Memory: 7963 MB
BatchMode: 1, IsHumanControllingUs: 0, StartBugReporterOnCrash: 0, Is64bit: 1, IsPro: 0

COMMAND LINE ARGUMENTS:
C:\Program Files\Unity\Hub\Editor\2020.3.19f1\Editor\Unity.exe
-adb2
-batchMode
-noUpm
-name
AssetImportWorker1
-projectPath
G:/course/senior/senior_project/Meow_Spirit-VR/Meow_Spirit
-logFile
Logs/AssetImportWorker1.log
-srvPort
64921
Successfully changed project path to: G:/course/senior/senior_project/Meow_Spirit-VR/Meow_Spirit
G:/course/senior/senior_project/Meow_Spirit-VR/Meow_Spirit
Using Asset Import Pipeline V2.
Refreshing native plugins compatible for Editor in 81.46 ms, found 11 plugins.
Preloading 2 native plugins for Editor in 57.81 ms.
Initialize engine version: 2020.3.19f1 (68f137dc9bbe)
[Subsystems] Discovering subsystems at path C:/Program Files/Unity/Hub/Editor/2020.3.19f1/Editor/Data/Resources/UnitySubsystems
[Subsystems] Discovering subsystems at path G:/course/senior/senior_project/Meow_Spirit-VR/Meow_Spirit/Assets
GfxDevice: creating device client; threaded=0
Direct3D:
    Version:  Direct3D 11.0 [level 11.1]
    Renderer: NVIDIA GeForce MX250 (ID=0x1d52)
    Vendor:   
    VRAM:     1983 MB
    Driver:   27.21.14.6647
Initialize mono
Mono path[0] = 'C:/Program Files/Unity/Hub/Editor/2020.3.19f1/Editor/Data/Managed'
Mono path[1] = 'C:/Program Files/Unity/Hub/Editor/2020.3.19f1/Editor/Data/MonoBleedingEdge/lib/mono/unityjit'
Mono config path = 'C:/Program Files/Unity/Hub/Editor/2020.3.19f1/Editor/Data/MonoBleedingEdge/etc'
Using monoOptions --debugger-agent=transport=dt_socket,embedding=1,server=y,suspend=n,address=127.0.0.1:56048
Begin MonoManager ReloadAssembly
Registering precompiled unity dll's ...
Register platform support module: C:/Program Files/Unity/Hub/Editor/2020.3.19f1/Editor/Data/PlaybackEngines/WindowsStandaloneSupport/UnityEditor.WindowsStandalone.Extensions.dll
Registered in 0.002425 seconds.
Native extension for WindowsStandalone target not found
Refreshing native plugins compatible for Editor in 50.98 ms, found 11 plugins.
Preloading 2 native plugins for Editor in 0.14 ms.
Mono: successfully reloaded assembly
- Completed reload, in  1.038 seconds
Domain Reload Profiling:
	ReloadAssembly (1038ms)
		BeginReloadAssembly (81ms)
			ExecutionOrderSort (0ms)
			DisableScriptedObjects (0ms)
			BackupInstance (0ms)
			ReleaseScriptingObjects (0ms)
			CreateAndSetChildDomain (1ms)
		EndReloadAssembly (456ms)
			LoadAssemblies (80ms)
			RebuildTransferFunctionScriptingTraits (0ms)
			SetupTypeCache (174ms)
			ReleaseScriptCaches (0ms)
			RebuildScriptCaches (30ms)
			SetupLoadedEditorAssemblies (181ms)
				LogAssemblyErrors (0ms)
				InitializePlatformSupportModulesInManaged (4ms)
				SetLoadedEditorAssemblies (0ms)
				RefreshPlugins (51ms)
				BeforeProcessingInitializeOnLoad (9ms)
				ProcessInitializeOnLoadAttributes (85ms)
				ProcessInitializeOnLoadMethodAttributes (32ms)
				AfterProcessingInitializeOnLoad (0ms)
				EditorAssembliesLoaded (0ms)
			ExecutionOrderSort2 (0ms)
			AwakeInstancesAfterBackupRestoration (0ms)
Platform modules already initialized, skipping
Registering precompiled user dll's ...
Registered in 0.016268 seconds.
Begin MonoManager ReloadAssembly
Native extension for WindowsStandalone target not found
Refreshing native plugins compatible for Editor in 0.64 ms, found 11 plugins.
Preloading 2 native plugins for Editor in 0.16 ms.
[XR] OculusXRPlugin: registering subsystems
[XR] Unable to register display lifecyle provider: [1]
[XR] Oculus Input lifecycle provider registered.
[XR] Unable to register input lifecyle provider: [1]
System.Reflection.TargetInvocationException: Exception has been thrown by the target of an invocation. ---> System.NullReferenceException: Object reference not set to an instance of an object
  at Unity.XR.Oculus.OculusLoader.AssetPathToAbsolutePath (System.String assetPath) [0x0004e] in <d310d63c9de7449d896bb27191bcde0f>:0 
  at Unity.XR.Oculus.OculusLoader.EditorLoadOVRPlugin () [0x0007b] in <d310d63c9de7449d896bb27191bcde0f>:0 
  at (wrapper managed-to-native) System.Reflection.MonoMethod.InternalInvoke(System.Reflection.MonoMethod,object,object[],System.Exception&)
  at System.Reflection.MonoMethod.Invoke (System.Object obj, System.Reflection.BindingFlags invokeAttr, System.Reflection.Binder binder, System.Object[] parameters, System.Globalization.CultureInfo culture) [0x00032] in <695d1cc93cca45069c528c15c9fdd749>:0 
   --- End of inner exception stack trace ---
  at System.Reflection.MonoMethod.Invoke (System.Object obj, System.Reflection.BindingFlags invokeAttr, System.Reflection.Binder binder, System.Object[] parameters, System.Globalization.CultureInfo culture) [0x00048] in <695d1cc93cca45069c528c15c9fdd749>:0 
  at System.Reflection.MethodBase.Invoke (System.Object obj, System.Object[] parameters) [0x00000] in <695d1cc93cca45069c528c15c9fdd749>:0 
  at UnityEditor.EditorAssemblies.ProcessInitializeOnLoadMethodAttributes () [0x00047] in <97ba64834c8f4edc84e3d8e30b04f122>:0 
UnityEngine.StackTraceUtility:ExtractStackTrace ()
UnityEngine.DebugLogHandler:LogFormat (UnityEngine.LogType,UnityEngine.Object,string,object[])
UnityEngine.Logger:Log (UnityEngine.LogType,object)
UnityEngine.Debug:LogError (object)
UnityEditor.EditorAssemblies:ProcessInitializeOnLoadMethodAttributes ()

Mono: successfully reloaded assembly
- Completed reload, in  1.190 seconds
Domain Reload Profiling:
	ReloadAssembly (1191ms)
		BeginReloadAssembly (172ms)
			ExecutionOrderSort (0ms)
			DisableScriptedObjects (4ms)
			BackupInstance (0ms)
			ReleaseScriptingObjects (0ms)
			CreateAndSetChildDomain (19ms)
		EndReloadAssembly (959ms)
			LoadAssemblies (123ms)
			RebuildTransferFunctionScriptingTraits (0ms)
			SetupTypeCache (334ms)
			ReleaseScriptCaches (0ms)
			RebuildScriptCaches (46ms)
			SetupLoadedEditorAssemblies (373ms)
				LogAssemblyErrors (0ms)
				InitializePlatformSupportModulesInManaged (5ms)
				SetLoadedEditorAssemblies (1ms)
				RefreshPlugins (1ms)
				BeforeProcessingInitializeOnLoad (68ms)
				ProcessInitializeOnLoadAttributes (263ms)
				ProcessInitializeOnLoadMethodAttributes (31ms)
				AfterProcessingInitializeOnLoad (4ms)
				EditorAssembliesLoaded (0ms)
			ExecutionOrderSort2 (0ms)
			AwakeInstancesAfterBackupRestoration (7ms)
Platform modules already initialized, skipping
========================================================================
Worker process is ready to serve import requests
Launched and connected shader compiler UnityShaderCompiler.exe after 0.07 seconds
Refreshing native plugins compatible for Editor in 0.82 ms, found 11 plugins.
Preloading 2 native plugins for Editor in 0.20 ms.
Unloading 1863 Unused Serialized files (Serialized files now loaded: 0)
System memory in use before: 79.9 MB.
System memory in use after: 79.9 MB.

Unloading 20 unused Assets to reduce memory usage. Loaded Objects now: 2297.
Total: 3.075500 ms (FindLiveObjects: 0.267300 ms CreateObjectMapping: 0.136300 ms MarkObjects: 2.577900 ms  DeleteObjects: 0.091900 ms)

AssetImportParameters requested are different than current active one (requested -> active):
  custom:framework-win-MediaFoundation: 216162199b28c13a410421893ffa2e32 -> 
  custom:video-decoder-ogg-theora: a1e56fd34408186e4bbccfd4996cb3dc -> 
  custom:container-muxer-webm: aa71ff27fc2769a1b78a27578f13a17b -> 
  custom:container-demuxer-webm: 4f35f7cbe854078d1ac9338744f61a02 -> 
  custom:container-demuxer-ogg: 62fdf1f143b41e24485cea50d1cbac27 -> 
  custom:video-encoder-webm-vp8: eb34c28f22e8b96e1ab97ce403110664 -> 
  custom:video-decoder-webm-vp8: 9c59270c3fd7afecdb556c50c9e8de78 -> 
  custom:audio-decoder-ogg-vorbis: bf7c407c2cedff20999df2af8eb42d56 -> 
  custom:audio-encoder-webm-vorbis: bf7c407c2cedff20999df2af8eb42d56 -> 
========================================================================
Received Import Request.
  path: Assets
  artifactKey: Guid(00000000000000001000000000000000) Importer(815301076,1909f56bfc062723c751e8b465ee728b)
Start importing Assets using Guid(00000000000000001000000000000000) Importer(815301076,1909f56bfc062723c751e8b465ee728b)  -> (artifact id: '42d402b061de3733987d63b9cc3b64de') in 0.011219 seconds 
  Import took 0.049481 seconds .

========================================================================
Received Import Request.
  Time since last request: 1.673424 seconds.
  path: Assets/fbx
  artifactKey: Guid(9656226a5862528469e8d7a63a7c332d) Importer(815301076,1909f56bfc062723c751e8b465ee728b)
Start importing Assets/fbx using Guid(9656226a5862528469e8d7a63a7c332d) Importer(815301076,1909f56bfc062723c751e8b465ee728b)  -> (artifact id: '23bea99aef55db3554a03112ec7ecdc4') in 0.008105 seconds 
  Import took 0.030609 seconds .

========================================================================
Received Import Request.
  Time since last request: 12.623104 seconds.
  path: Assets/fbx/models
  artifactKey: Guid(d31b7c6463caa4841b75d9589fb9ef70) Importer(815301076,1909f56bfc062723c751e8b465ee728b)
Start importing Assets/fbx/models using Guid(d31b7c6463caa4841b75d9589fb9ef70) Importer(815301076,1909f56bfc062723c751e8b465ee728b)  -> (artifact id: '253cbfd509fb695043b334120ec83774') in 0.019105 seconds 
  Import took 0.028294 seconds .

========================================================================
Received Import Request.
  Time since last request: 6.764635 seconds.
  path: Assets/fbx/textures
  artifactKey: Guid(f5c6df551f863544693a357836d0ded0) Importer(815301076,1909f56bfc062723c751e8b465ee728b)
Start importing Assets/fbx/textures using Guid(f5c6df551f863544693a357836d0ded0) Importer(815301076,1909f56bfc062723c751e8b465ee728b)  -> (artifact id: 'b16c20c2cdeb9ce1546a9131537d6142') in 0.012387 seconds 
  Import took 0.035623 seconds .

========================================================================
Received Import Request.
  Time since last request: 8.146259 seconds.
  path: Assets/fbx/materials
  artifactKey: Guid(2d9f088b545999b4ca722e91b12f3658) Importer(815301076,1909f56bfc062723c751e8b465ee728b)
Start importing Assets/fbx/materials using Guid(2d9f088b545999b4ca722e91b12f3658) Importer(815301076,1909f56bfc062723c751e8b465ee728b)  -> (artifact id: 'e8ae9795a7eeee311194495305cae5ba') in 0.011289 seconds 
  Import took 0.041352 seconds .

========================================================================
Received Import Request.
  Time since last request: 7.473806 seconds.
  path: Assets/fbx/models/01.fbx
  artifactKey: Guid(1469015a1bef46c4680e28742700ee3b) Importer(815301076,1909f56bfc062723c751e8b465ee728b)
Start importing Assets/fbx/models/01.fbx using Guid(1469015a1bef46c4680e28742700ee3b) Importer(815301076,1909f56bfc062723c751e8b465ee728b)  -> (artifact id: '8b109449df93f6aa3712156ea04ea65e') in 0.365442 seconds 
  Import took 0.390758 seconds .

========================================================================
Received Import Request.
  Time since last request: 18.771201 seconds.
  path: Assets/fbx/models/01.fbx
  artifactKey: Guid(1469015a1bef46c4680e28742700ee3b) Importer(815301076,1909f56bfc062723c751e8b465ee728b)
Start importing Assets/fbx/models/01.fbx using Guid(1469015a1bef46c4680e28742700ee3b) Importer(815301076,1909f56bfc062723c751e8b465ee728b)  -> (artifact id: '6901aa5e885c40a99191fe7f52af25ab') in 0.164382 seconds 
  Import took 0.175252 seconds .

========================================================================
Received Import Request.
  Time since last request: 6.000233 seconds.
  path: Assets/fbx/models/01.fbx
  artifactKey: Guid(1469015a1bef46c4680e28742700ee3b) Importer(815301076,1909f56bfc062723c751e8b465ee728b)
Start importing Assets/fbx/models/01.fbx using Guid(1469015a1bef46c4680e28742700ee3b) Importer(815301076,1909f56bfc062723c751e8b465ee728b)  -> (artifact id: 'de2285d439249d8092693999bd21a057') in 0.103749 seconds 
  Import took 0.117128 seconds .

AssetImportWorkerClient::OnTransportError - code=2 error=End of file
